FriendlyEats/app/build/intermediates/manifest_merge_blame_file/debug/manifest-merger-blame-debug-report.txt
1<?xml version="1.0" encoding="utf-8"?>
2<manifest xmlns:android="http://schemas.android.com/apk/res/android"
3    package="com.google.firebase.example.fireeats"
4    android:versionCode="1"
5    android:versionName="1.0" >
6
7    <uses-sdk
8        android:minSdkVersion="16"
8-->src\main\AndroidManifest.xml
9        android:targetSdkVersion="29" />
9-->src\main\AndroidManifest.xml
10
11    <!-- Although the *SdkVersion is captured in gradle build files, this is required for non gradle builds -->
12    <!-- <uses-sdk android:minSdkVersion="14" /> -->
13    <uses-permission android:name="android.permission.ACCESS_NETWORK_STATE" />
13-->[com.google.firebase:firebase-firestore:21.4.3] AndroidManifest.xml:13:5-79
13-->[com.google.firebase:firebase-firestore:21.4.3] AndroidManifest.xml:13:22-76
14    <uses-permission android:name="android.permission.INTERNET" />
14-->[com.google.firebase:firebase-firestore:21.4.3] AndroidManifest.xml:14:5-67
14-->[com.google.firebase:firebase-firestore:21.4.3] AndroidManifest.xml:14:22-64
15    <uses-permission android:name="android.permission.WAKE_LOCK" /> <!-- Required by older versions of Google Play services to create IID tokens -->
15-->[com.google.android.gms:play-services-measurement-api:17.2.2] AndroidManifest.xml:24:5-68
15-->[com.google.android.gms:play-services-measurement-api:17.2.2] AndroidManifest.xml:24:22-65
16    <uses-permission android:name="com.google.android.c2dm.permission.RECEIVE" />
16-->[com.google.firebase:firebase-iid:20.0.2] AndroidManifest.xml:26:5-82
16-->[com.google.firebase:firebase-iid:20.0.2] AndroidManifest.xml:26:22-79
17    <uses-permission android:name="com.google.android.finsky.permission.BIND_GET_INSTALL_REFERRER_SERVICE" />
17-->[com.google.android.gms:play-services-measurement:17.2.2] AndroidManifest.xml:26:5-110
17-->[com.google.android.gms:play-services-measurement:17.2.2] AndroidManifest.xml:26:22-107
18
19    <application
19-->src\main\AndroidManifest.xml:5:5-20:19
20        android:name="androidx.multidex.MultiDexApplication"
20-->src\main\AndroidManifest.xml:6:9-61
21        android:allowBackup="true"
21-->src\main\AndroidManifest.xml:7:9-35
22        android:appComponentFactory="androidx.core.app.CoreComponentFactory"
22-->[androidx.core:core:1.1.0] AndroidManifest.xml:24:18-86
23        android:debuggable="true"
24        android:icon="@mipmap/ic_launcher"
24-->src\main\AndroidManifest.xml:8:9-43
25        android:label="@string/app_name"
25-->src\main\AndroidManifest.xml:9:9-41
26        android:supportsRtl="true"
26-->src\main\AndroidManifest.xml:10:9-35
27        android:testOnly="true"
28        android:theme="@style/AppTheme" >
28-->src\main\AndroidManifest.xml:11:9-40
29        <activity android:name="com.google.firebase.example.fireeats.MainActivity" >
29-->src\main\AndroidManifest.xml:12:9-18:20
29-->src\main\AndroidManifest.xml:12:19-47
30            <intent-filter>
30-->src\main\AndroidManifest.xml:13:13-17:29
31                <action android:name="android.intent.action.MAIN" />
31-->src\main\AndroidManifest.xml:14:17-69
31-->src\main\AndroidManifest.xml:14:25-66
32
33                <category android:name="android.intent.category.LAUNCHER" />
33-->src\main\AndroidManifest.xml:16:17-77
33-->src\main\AndroidManifest.xml:16:27-74
34            </intent-filter>
35        </activity>
36        <activity android:name="com.google.firebase.example.fireeats.RestaurantDetailActivity" />
36-->src\main\AndroidManifest.xml:19:9-62
36-->src\main\AndroidManifest.xml:19:19-59
37
38        <service
38-->[com.google.firebase:firebase-firestore:21.4.3] AndroidManifest.xml:17:9-23:19
39            android:name="com.google.firebase.components.ComponentDiscoveryService"
39-->[com.google.firebase:firebase-firestore:21.4.3] AndroidManifest.xml:18:13-84
40            android:directBootAware="true"
40-->[com.google.firebase:firebase-common:19.3.0] AndroidManifest.xml:34:13-43
41            android:exported="false" >
41-->[com.google.firebase:firebase-firestore:21.4.3] AndroidManifest.xml:19:13-37
42            <meta-data
42-->[com.google.firebase:firebase-firestore:21.4.3] AndroidManifest.xml:20:13-22:85
43                android:name="com.google.firebase.components:com.google.firebase.firestore.FirestoreRegistrar"
43-->[com.google.firebase:firebase-firestore:21.4.3] AndroidManifest.xml:21:17-111
44                android:value="com.google.firebase.components.ComponentRegistrar" />
44-->[com.google.firebase:firebase-firestore:21.4.3] AndroidManifest.xml:22:17-82
45            <meta-data
45-->[com.google.firebase:firebase-auth:19.3.1] AndroidManifest.xml:36:13-38:85
46                android:name="com.google.firebase.components:com.google.firebase.auth.FirebaseAuthRegistrar"
46-->[com.google.firebase:firebase-auth:19.3.1] AndroidManifest.xml:37:17-109
47                android:value="com.google.firebase.components.ComponentRegistrar" />
47-->[com.google.firebase:firebase-auth:19.3.1] AndroidManifest.xml:38:17-82
48            <meta-data
48-->[com.google.android.gms:play-services-measurement-api:17.2.2] AndroidManifest.xml:30:13-32:85
49                android:name="com.google.firebase.components:com.google.firebase.analytics.connector.internal.AnalyticsConnectorRegistrar"
49-->[com.google.android.gms:play-services-measurement-api:17.2.2] AndroidManifest.xml:31:17-139
50                android:value="com.google.firebase.components.ComponentRegistrar" />
50-->[com.google.android.gms:play-services-measurement-api:17.2.2] AndroidManifest.xml:32:17-82
51            <meta-data
51-->[com.google.firebase:firebase-iid:20.0.2] AndroidManifest.xml:32:13-34:85
52                android:name="com.google.firebase.components:com.google.firebase.iid.Registrar"
52-->[com.google.firebase:firebase-iid:20.0.2] AndroidManifest.xml:33:17-96
53                android:value="com.google.firebase.components.ComponentRegistrar" />
53-->[com.google.firebase:firebase-iid:20.0.2] AndroidManifest.xml:34:17-82
54        </service>
55
56        <meta-data
56-->[com.firebaseui:firebase-ui-auth:6.2.1] AndroidManifest.xml:16:9-18:69
57            android:name="com.google.android.gms.version"
57-->[com.firebaseui:firebase-ui-auth:6.2.1] AndroidManifest.xml:17:13-58
58            android:value="@integer/google_play_services_version" />
58-->[com.firebaseui:firebase-ui-auth:6.2.1] AndroidManifest.xml:18:13-66
59        <meta-data
59-->[com.firebaseui:firebase-ui-auth:6.2.1] AndroidManifest.xml:19:9-21:63
60            android:name="com.facebook.sdk.ApplicationId"
60-->[com.firebaseui:firebase-ui-auth:6.2.1] AndroidManifest.xml:20:13-58
61            android:value="@string/facebook_application_id" />
61-->[com.firebaseui:firebase-ui-auth:6.2.1] AndroidManifest.xml:21:13-60
62
63        <activity
63-->[com.firebaseui:firebase-ui-auth:6.2.1] AndroidManifest.xml:23:9-27:61
64            android:name="com.firebase.ui.auth.KickoffActivity"
64-->[com.firebaseui:firebase-ui-auth:6.2.1] AndroidManifest.xml:24:13-64
65            android:exported="false"
65-->[com.firebaseui:firebase-ui-auth:6.2.1] AndroidManifest.xml:25:13-37
66            android:label=""
66-->[com.firebaseui:firebase-ui-auth:6.2.1] AndroidManifest.xml:26:13-29
67            android:theme="@style/FirebaseUI.Transparent" />
67-->[com.firebaseui:firebase-ui-auth:6.2.1] AndroidManifest.xml:27:13-58
68        <activity
68-->[com.firebaseui:firebase-ui-auth:6.2.1] AndroidManifest.xml:28:9-32:61
69            android:name="com.firebase.ui.auth.ui.idp.SingleSignInActivity"
69-->[com.firebaseui:firebase-ui-auth:6.2.1] AndroidManifest.xml:29:13-76
70            android:exported="false"
70-->[com.firebaseui:firebase-ui-auth:6.2.1] AndroidManifest.xml:30:13-37
71            android:label=""
71-->[com.firebaseui:firebase-ui-auth:6.2.1] AndroidManifest.xml:31:13-29
72            android:theme="@style/FirebaseUI.Transparent" />
72-->[com.firebaseui:firebase-ui-auth:6.2.1] AndroidManifest.xml:32:13-58
73        <activity
73-->[com.firebaseui:firebase-ui-auth:6.2.1] AndroidManifest.xml:33:9-37:61
74            android:name="com.firebase.ui.auth.ui.credentials.CredentialSaveActivity"
74-->[com.firebaseui:firebase-ui-auth:6.2.1] AndroidManifest.xml:34:13-86
75            android:exported="false"
75-->[com.firebaseui:firebase-ui-auth:6.2.1] AndroidManifest.xml:35:13-37
76            android:label=""
76-->[com.firebaseui:firebase-ui-auth:6.2.1] AndroidManifest.xml:36:13-29
77            android:theme="@style/FirebaseUI.Transparent" />
77-->[com.firebaseui:firebase-ui-auth:6.2.1] AndroidManifest.xml:37:13-58
78        <activity
78-->[com.firebaseui:firebase-ui-auth:6.2.1] AndroidManifest.xml:38:9-42:58
79            android:name="com.firebase.ui.auth.ui.email.RecoverPasswordActivity"
79-->[com.firebaseui:firebase-ui-auth:6.2.1] AndroidManifest.xml:39:13-81
80            android:exported="false"
80-->[com.firebaseui:firebase-ui-auth:6.2.1] AndroidManifest.xml:40:13-37
81            android:label="@string/fui_title_recover_password_activity"
81-->[com.firebaseui:firebase-ui-auth:6.2.1] AndroidManifest.xml:41:13-72
82            android:windowSoftInputMode="adjustResize" />
82-->[com.firebaseui:firebase-ui-auth:6.2.1] AndroidManifest.xml:42:13-55
83        <activity
83-->[com.firebaseui:firebase-ui-auth:6.2.1] AndroidManifest.xml:43:9-47:58
84            android:name="com.firebase.ui.auth.ui.email.EmailActivity"
84-->[com.firebaseui:firebase-ui-auth:6.2.1] AndroidManifest.xml:44:13-71
85            android:exported="false"
85-->[com.firebaseui:firebase-ui-auth:6.2.1] AndroidManifest.xml:45:13-37
86            android:label="@string/fui_sign_in_default"
86-->[com.firebaseui:firebase-ui-auth:6.2.1] AndroidManifest.xml:46:13-56
87            android:windowSoftInputMode="adjustResize" />
87-->[com.firebaseui:firebase-ui-auth:6.2.1] AndroidManifest.xml:47:13-55
88        <activity
88-->[com.firebaseui:firebase-ui-auth:6.2.1] AndroidManifest.xml:48:9-52:77
89            android:name="com.firebase.ui.auth.ui.phone.PhoneActivity"
89-->[com.firebaseui:firebase-ui-auth:6.2.1] AndroidManifest.xml:49:13-71
90            android:exported="false"
90-->[com.firebaseui:firebase-ui-auth:6.2.1] AndroidManifest.xml:50:13-37
91            android:label="@string/fui_sign_in_with_phone_number"
91-->[com.firebaseui:firebase-ui-auth:6.2.1] AndroidManifest.xml:51:13-66
92            android:windowSoftInputMode="adjustResize|stateAlwaysVisible" />
92-->[com.firebaseui:firebase-ui-auth:6.2.1] AndroidManifest.xml:52:13-74
93        <activity
93-->[com.firebaseui:firebase-ui-auth:6.2.1] AndroidManifest.xml:53:9-57:58
94            android:name="com.firebase.ui.auth.ui.idp.WelcomeBackIdpPrompt"
94-->[com.firebaseui:firebase-ui-auth:6.2.1] AndroidManifest.xml:54:13-76
95            android:exported="false"
95-->[com.firebaseui:firebase-ui-auth:6.2.1] AndroidManifest.xml:55:13-37
96            android:label="@string/fui_title_welcome_back_idp_prompt"
96-->[com.firebaseui:firebase-ui-auth:6.2.1] AndroidManifest.xml:56:13-70
97            android:windowSoftInputMode="adjustResize" />
97-->[com.firebaseui:firebase-ui-auth:6.2.1] AndroidManifest.xml:57:13-55
98        <activity
98-->[com.firebaseui:firebase-ui-auth:6.2.1] AndroidManifest.xml:58:9-62:58
99            android:name="com.firebase.ui.auth.ui.email.WelcomeBackPasswordPrompt"
99-->[com.firebaseui:firebase-ui-auth:6.2.1] AndroidManifest.xml:59:13-83
100            android:exported="false"
100-->[com.firebaseui:firebase-ui-auth:6.2.1] AndroidManifest.xml:60:13-37
101            android:label="@string/fui_title_welcome_back_password_prompt"
101-->[com.firebaseui:firebase-ui-auth:6.2.1] AndroidManifest.xml:61:13-75
102            android:windowSoftInputMode="adjustResize" />
102-->[com.firebaseui:firebase-ui-auth:6.2.1] AndroidManifest.xml:62:13-55
103        <activity
103-->[com.firebaseui:firebase-ui-auth:6.2.1] AndroidManifest.xml:63:9-67:58
104            android:name="com.firebase.ui.auth.ui.email.WelcomeBackEmailLinkPrompt"
104-->[com.firebaseui:firebase-ui-auth:6.2.1] AndroidManifest.xml:64:13-84
105            android:exported="false"
105-->[com.firebaseui:firebase-ui-auth:6.2.1] AndroidManifest.xml:65:13-37
106            android:label="@string/fui_title_welcome_back_password_prompt"
106-->[com.firebaseui:firebase-ui-auth:6.2.1] AndroidManifest.xml:66:13-75
107            android:windowSoftInputMode="adjustResize" />
107-->[com.firebaseui:firebase-ui-auth:6.2.1] AndroidManifest.xml:67:13-55
108        <activity
108-->[com.firebaseui:firebase-ui-auth:6.2.1] AndroidManifest.xml:68:9-73:58
109            android:name="com.firebase.ui.auth.ui.email.EmailLinkCatcherActivity"
109-->[com.firebaseui:firebase-ui-auth:6.2.1] AndroidManifest.xml:69:13-82
110            android:exported="false"
110-->[com.firebaseui:firebase-ui-auth:6.2.1] AndroidManifest.xml:70:13-37
111            android:label=""
111-->[com.firebaseui:firebase-ui-auth:6.2.1] AndroidManifest.xml:71:13-29
112            android:theme="@style/FirebaseUI.Transparent"
112-->[com.firebaseui:firebase-ui-auth:6.2.1] AndroidManifest.xml:72:13-58
113            android:windowSoftInputMode="adjustResize" />
113-->[com.firebaseui:firebase-ui-auth:6.2.1] AndroidManifest.xml:73:13-55
114        <activity
114-->[com.firebaseui:firebase-ui-auth:6.2.1] AndroidManifest.xml:74:9-78:58
115            android:name="com.firebase.ui.auth.ui.email.EmailLinkErrorRecoveryActivity"
115-->[com.firebaseui:firebase-ui-auth:6.2.1] AndroidManifest.xml:75:13-88
116            android:exported="false"
116-->[com.firebaseui:firebase-ui-auth:6.2.1] AndroidManifest.xml:76:13-37
117            android:label="@string/fui_sign_in_default"
117-->[com.firebaseui:firebase-ui-auth:6.2.1] AndroidManifest.xml:77:13-56
118            android:windowSoftInputMode="adjustResize" />
118-->[com.firebaseui:firebase-ui-auth:6.2.1] AndroidManifest.xml:78:13-55
119        <activity
119-->[com.firebaseui:firebase-ui-auth:6.2.1] AndroidManifest.xml:79:9-82:65
120            android:name="com.firebase.ui.auth.ui.idp.AuthMethodPickerActivity"
120-->[com.firebaseui:firebase-ui-auth:6.2.1] AndroidManifest.xml:80:13-80
121            android:exported="false"
121-->[com.firebaseui:firebase-ui-auth:6.2.1] AndroidManifest.xml:81:13-37
122            android:label="@string/fui_default_toolbar_title" />
122-->[com.firebaseui:firebase-ui-auth:6.2.1] AndroidManifest.xml:82:13-62
123        <activity
123-->[com.firebaseui:firebase-ui-auth:6.2.1] AndroidManifest.xml:83:9-87:48
124            android:name="com.facebook.FacebookActivity"
124-->[com.firebaseui:firebase-ui-auth:6.2.1] AndroidManifest.xml:84:13-57
125            android:configChanges="keyboard|keyboardHidden|screenLayout|screenSize|orientation"
125-->[com.firebaseui:firebase-ui-auth:6.2.1] AndroidManifest.xml:85:13-96
126            android:label="@string/app_name" />
126-->[com.firebaseui:firebase-ui-auth:6.2.1] AndroidManifest.xml:86:13-45
127        <activity
127-->[com.firebaseui:firebase-ui-auth:6.2.1] AndroidManifest.xml:88:9-100:20
128            android:name="com.facebook.CustomTabActivity"
128-->[com.firebaseui:firebase-ui-auth:6.2.1] AndroidManifest.xml:89:13-58
129            android:exported="true" >
129-->[com.firebaseui:firebase-ui-auth:6.2.1] AndroidManifest.xml:90:13-36
130            <intent-filter>
130-->[com.firebaseui:firebase-ui-auth:6.2.1] AndroidManifest.xml:92:13-99:29
131                <action android:name="android.intent.action.VIEW" />
131-->[com.firebaseui:firebase-ui-auth:6.2.1] AndroidManifest.xml:93:17-69
131-->[com.firebaseui:firebase-ui-auth:6.2.1] AndroidManifest.xml:93:25-66
132
133                <category android:name="android.intent.category.DEFAULT" />
133-->[com.firebaseui:firebase-ui-auth:6.2.1] AndroidManifest.xml:95:17-76
133-->[com.firebaseui:firebase-ui-auth:6.2.1] AndroidManifest.xml:95:27-73
134                <category android:name="android.intent.category.BROWSABLE" />
134-->[com.firebaseui:firebase-ui-auth:6.2.1] AndroidManifest.xml:96:17-78
134-->[com.firebaseui:firebase-ui-auth:6.2.1] AndroidManifest.xml:96:27-75
135
136                <data android:scheme="@string/facebook_login_protocol_scheme" />
136-->[com.firebaseui:firebase-ui-auth:6.2.1] AndroidManifest.xml:98:17-81
136-->[com.firebaseui:firebase-ui-auth:6.2.1] AndroidManifest.xml:98:23-78
137            </intent-filter>
138        </activity>
139
140        <provider
140-->[com.firebaseui:firebase-ui-auth:6.2.1] AndroidManifest.xml:102:9-106:38
141            android:name="com.firebase.ui.auth.data.client.AuthUiInitProvider"
141-->[com.firebaseui:firebase-ui-auth:6.2.1] AndroidManifest.xml:103:13-79
142            android:authorities="com.google.firebase.example.fireeats.authuiinitprovider"
142-->[com.firebaseui:firebase-ui-auth:6.2.1] AndroidManifest.xml:104:13-70
143            android:exported="false"
143-->[com.firebaseui:firebase-ui-auth:6.2.1] AndroidManifest.xml:105:13-37
144            android:initOrder="90" />
144-->[com.firebaseui:firebase-ui-auth:6.2.1] AndroidManifest.xml:106:13-35
145
146        <activity
146-->[com.google.firebase:firebase-auth:19.3.1] AndroidManifest.xml:24:9-31:50
147            android:name="com.google.firebase.auth.internal.FederatedSignInActivity"
147-->[com.google.firebase:firebase-auth:19.3.1] AndroidManifest.xml:25:13-85
148            android:excludeFromRecents="true"
148-->[com.google.firebase:firebase-auth:19.3.1] AndroidManifest.xml:26:13-46
149            android:exported="true"
149-->[com.google.firebase:firebase-auth:19.3.1] AndroidManifest.xml:27:13-36
150            android:launchMode="singleTask"
150-->[com.google.firebase:firebase-auth:19.3.1] AndroidManifest.xml:28:13-44
151            android:permission="com.google.firebase.auth.api.gms.permission.LAUNCH_FEDERATED_SIGN_IN"
151-->[com.google.firebase:firebase-auth:19.3.1] AndroidManifest.xml:29:13-102
152            android:theme="@android:style/Theme.Translucent.NoTitleBar" />
152-->[com.google.firebase:firebase-auth:19.3.1] AndroidManifest.xml:30:13-72
153        <activity
153-->[com.google.android.gms:play-services-auth:18.0.0] AndroidManifest.xml:23:9-27:75
154            android:name="com.google.android.gms.auth.api.signin.internal.SignInHubActivity"
154-->[com.google.android.gms:play-services-auth:18.0.0] AndroidManifest.xml:24:13-93
155            android:excludeFromRecents="true"
155-->[com.google.android.gms:play-services-auth:18.0.0] AndroidManifest.xml:25:13-46
156            android:exported="false"
156-->[com.google.android.gms:play-services-auth:18.0.0] AndroidManifest.xml:26:13-37
157            android:theme="@android:style/Theme.Translucent.NoTitleBar" />
157-->[com.google.android.gms:play-services-auth:18.0.0] AndroidManifest.xml:27:13-72
158        <!--
159            Service handling Google Sign-In user revocation. For apps that do not integrate with
160            Google Sign-In, this service will never be started.
161        -->
162        <service
162-->[com.google.android.gms:play-services-auth:18.0.0] AndroidManifest.xml:33:9-36:110
163            android:name="com.google.android.gms.auth.api.signin.RevocationBoundService"
163-->[com.google.android.gms:play-services-auth:18.0.0] AndroidManifest.xml:34:13-89
164            android:exported="true"
164-->[com.google.android.gms:play-services-auth:18.0.0] AndroidManifest.xml:35:13-36
165            android:permission="com.google.android.gms.auth.api.signin.permission.REVOCATION_NOTIFICATION" />
165-->[com.google.android.gms:play-services-auth:18.0.0] AndroidManifest.xml:36:13-107
166
167        <receiver
167-->[com.google.firebase:firebase-iid:20.0.2] AndroidManifest.xml:37:9-44:20
168            android:name="com.google.firebase.iid.FirebaseInstanceIdReceiver"
168-->[com.google.firebase:firebase-iid:20.0.2] AndroidManifest.xml:38:13-78
169            android:exported="true"
169-->[com.google.firebase:firebase-iid:20.0.2] AndroidManifest.xml:39:13-36
170            android:permission="com.google.android.c2dm.permission.SEND" >
170-->[com.google.firebase:firebase-iid:20.0.2] AndroidManifest.xml:40:13-73
171            <intent-filter>
171-->[com.google.firebase:firebase-iid:20.0.2] AndroidManifest.xml:41:13-43:29
172                <action android:name="com.google.android.c2dm.intent.RECEIVE" />
172-->[com.google.firebase:firebase-iid:20.0.2] AndroidManifest.xml:42:17-81
172-->[com.google.firebase:firebase-iid:20.0.2] AndroidManifest.xml:42:25-78
173            </intent-filter>
174        </receiver>
175
176        <activity
176-->[com.google.android.gms:play-services-base:17.1.0] AndroidManifest.xml:23:9-26:75
177            android:name="com.google.android.gms.common.api.GoogleApiActivity"
177-->[com.google.android.gms:play-services-base:17.1.0] AndroidManifest.xml:24:13-79
178            android:exported="false"
178-->[com.google.android.gms:play-services-base:17.1.0] AndroidManifest.xml:25:13-37
179            android:theme="@android:style/Theme.Translucent.NoTitleBar" />
179-->[com.google.android.gms:play-services-base:17.1.0] AndroidManifest.xml:26:13-72
180
181        <provider
181-->[com.google.firebase:firebase-common:19.3.0] AndroidManifest.xml:26:9-30:39
182            android:name="com.google.firebase.provider.FirebaseInitProvider"
182-->[com.google.firebase:firebase-common:19.3.0] AndroidManifest.xml:27:13-77
183            android:authorities="com.google.firebase.example.fireeats.firebaseinitprovider"
183-->[com.google.firebase:firebase-common:19.3.0] AndroidManifest.xml:28:13-72
184            android:exported="false"
184-->[com.google.firebase:firebase-common:19.3.0] AndroidManifest.xml:29:13-37
185            android:initOrder="100" />
185-->[com.google.firebase:firebase-common:19.3.0] AndroidManifest.xml:30:13-36
186
187        <receiver
187-->[com.google.android.gms:play-services-measurement:17.2.2] AndroidManifest.xml:29:9-33:20
188            android:name="com.google.android.gms.measurement.AppMeasurementReceiver"
188-->[com.google.android.gms:play-services-measurement:17.2.2] AndroidManifest.xml:30:13-85
189            android:enabled="true"
189-->[com.google.android.gms:play-services-measurement:17.2.2] AndroidManifest.xml:31:13-35
190            android:exported="false" >
190-->[com.google.android.gms:play-services-measurement:17.2.2] AndroidManifest.xml:32:13-37
191        </receiver>
192        <receiver
192-->[com.google.android.gms:play-services-measurement:17.2.2] AndroidManifest.xml:34:9-42:20
193            android:name="com.google.android.gms.measurement.AppMeasurementInstallReferrerReceiver"
193-->[com.google.android.gms:play-services-measurement:17.2.2] AndroidManifest.xml:35:13-100
194            android:enabled="true"
194-->[com.google.android.gms:play-services-measurement:17.2.2] AndroidManifest.xml:36:13-35
195            android:exported="true"
195-->[com.google.android.gms:play-services-measurement:17.2.2] AndroidManifest.xml:37:13-36
196            android:permission="android.permission.INSTALL_PACKAGES" >
196-->[com.google.android.gms:play-services-measurement:17.2.2] AndroidManifest.xml:38:13-69
197            <intent-filter>
197-->[com.google.android.gms:play-services-measurement:17.2.2] AndroidManifest.xml:39:13-41:29
198                <action android:name="com.android.vending.INSTALL_REFERRER" />
198-->[com.google.android.gms:play-services-measurement:17.2.2] AndroidManifest.xml:40:17-79
198-->[com.google.android.gms:play-services-measurement:17.2.2] AndroidManifest.xml:40:25-76
199            </intent-filter>
200        </receiver>
201
202        <service
202-->[com.google.android.gms:play-services-measurement:17.2.2] AndroidManifest.xml:44:9-47:40
203            android:name="com.google.android.gms.measurement.AppMeasurementService"
203-->[com.google.android.gms:play-services-measurement:17.2.2] AndroidManifest.xml:45:13-84
204            android:enabled="true"
204-->[com.google.android.gms:play-services-measurement:17.2.2] AndroidManifest.xml:46:13-35
205            android:exported="false" />
205-->[com.google.android.gms:play-services-measurement:17.2.2] AndroidManifest.xml:47:13-37
206        <service
206-->[com.google.android.gms:play-services-measurement:17.2.2] AndroidManifest.xml:48:9-52:72
207            android:name="com.google.android.gms.measurement.AppMeasurementJobService"
207-->[com.google.android.gms:play-services-measurement:17.2.2] AndroidManifest.xml:49:13-87
208            android:enabled="true"
208-->[com.google.android.gms:play-services-measurement:17.2.2] AndroidManifest.xml:50:13-35
209            android:exported="false"
209-->[com.google.android.gms:play-services-measurement:17.2.2] AndroidManifest.xml:51:13-37
210            android:permission="android.permission.BIND_JOB_SERVICE" />
210-->[com.google.android.gms:play-services-measurement:17.2.2] AndroidManifest.xml:52:13-69
211
212        <provider
212-->[androidx.lifecycle:lifecycle-process:2.2.0] AndroidManifest.xml:25:9-29:43
213            android:name="androidx.lifecycle.ProcessLifecycleOwnerInitializer"
213-->[androidx.lifecycle:lifecycle-process:2.2.0] AndroidManifest.xml:26:13-79
214            android:authorities="com.google.firebase.example.fireeats.lifecycle-process"
214-->[androidx.lifecycle:lifecycle-process:2.2.0] AndroidManifest.xml:27:13-69
215            android:exported="false"
215-->[androidx.lifecycle:lifecycle-process:2.2.0] AndroidManifest.xml:28:13-37
216            android:multiprocess="true" />
216-->[androidx.lifecycle:lifecycle-process:2.2.0] AndroidManifest.xml:29:13-40
217    </application>
218
219</manifest>